2012/12/22 14:31:37 [error] [exception.CDbException] exception 'CDbException' with message 'CDbConnection failed to open the DB connection: SQLSTATE[42000] [1049] Unknown database 'stretto'' in /var/www/framework/db/CDbConnection.php:382
Stack trace:
#0 /var/www/framework/db/CDbConnection.php(331): CDbConnection->open()
#1 /var/www/framework/db/CDbConnection.php(309): CDbConnection->setActive(true)
#2 /var/www/framework/base/CModule.php(388): CDbConnection->init()
#3 /var/www/framework/cli/commands/MigrateCommand.php(443): CModule->getComponent('db')
#4 /var/www/framework/cli/commands/MigrateCommand.php(452): MigrateCommand->getDbConnection()
#5 /var/www/framework/cli/commands/MigrateCommand.php(483): MigrateCommand->getMigrationHistory(-1)
#6 /var/www/framework/cli/commands/MigrateCommand.php(85): MigrateCommand->getNewMigrations()
#7 [internal function]: MigrateCommand->actionUp(Array)
#8 /var/www/framework/console/CConsoleCommand.php(173): ReflectionMethod->invokeArgs(Object(MigrateCommand), Array)
#9 /var/www/framework/console/CConsoleCommandRunner.php(68): CConsoleCommand->run(Array)
#10 /var/www/framework/console/CConsoleApplication.php(92): CConsoleCommandRunner->run(Array)
#11 /var/www/framework/base/CApplication.php(162): CConsoleApplication->processRequest()
#12 /var/www/framework/yiic.php(34): CApplication->run()
#13 /var/www/contest/protected/yiic.php(7): require_once('/var/www/framew...')
#14 /var/www/contest/protected/yiic(4): require_once('/var/www/contes...')
#15 {main}
---
2012/12/22 14:32:30 [error] [system.db.CDbCommand] CDbCommand::fetchAll() failed: SQLSTATE[42S02]: Base table or view not found: 1146 Table 'contest.tbl_migration' doesn't exist. The SQL statement executed was: SHOW COLUMNS FROM `tbl_migration`.
2012/12/22 14:33:06 [error] [system.db.CDbCommand] CDbCommand::execute() failed: SQLSTATE[42000]: Syntax error or access violation: 1064 You have an error in your SQL syntax; check the manual that corresponds to your MySQL server version for the right syntax to use near '{users}} SET create_at = FROM_UNIXTIME(createtime), lastvisit_at = IF(lastvisit,' at line 1. The SQL statement executed was: UPDATE {{users}} SET create_at = FROM_UNIXTIME(createtime), lastvisit_at = IF(lastvisit,FROM_UNIXTIME(lastvisit),'0000-00-00 00:00:00').
2012/12/22 14:36:52 [error] [system.db.CDbCommand] CDbCommand::fetchAll() failed: SQLSTATE[42S02]: Base table or view not found: 1146 Table 'contest.tbl_migration' doesn't exist. The SQL statement executed was: SHOW COLUMNS FROM `tbl_migration`.
